<?xml version="1.0" encoding="UTF-8"?>
<!-- Generated by org.testng.reporters.JUnitReportReporter -->
<testsuite hostname="DESKTOP-G3JJQCP" failures="0" tests="6" name="tests.LoginTests" time="59.234" errors="0" timestamp="2024-12-31T12:20:07 IST" skipped="0">
  <testcase classname="tests.LoginTests" name="testLogin" time="9.857"/>
  <testcase classname="tests.LoginTests" name="testLogin" time="11.016"/>
  <testcase classname="tests.LoginTests" name="testLogin" time="4.498"/>
  <testcase classname="tests.LoginTests" name="testLogin" time="5.565"/>
  <testcase classname="tests.LoginTests" name="testLogin" time="4.183"/>
  <testcase classname="tests.LoginTests" name="testLogin" time="24.115"/>
</testsuite> <!-- tests.LoginTests -->
