<?xml version="1.0" encoding="UTF-8"?>
<!-- Generated by org.testng.reporters.JUnitReportReporter -->
<testsuite hostname="DESKTOP-G3JJQCP" failures="0" tests="4" name="tests.AdminTests" time="10.094" errors="0" timestamp="2024-12-31T11:45:53 IST" skipped="0">
  <testcase classname="tests.AdminTests" name="testMenuCount" time="2.529"/>
  <testcase classname="tests.AdminTests" name="testSearchByUsername" time="2.386"/>
  <testcase classname="tests.AdminTests" name="testSearchByRole" time="2.814"/>
  <testcase classname="tests.AdminTests" name="testSearchByStatus" time="2.365"/>
</testsuite> <!-- tests.AdminTests -->
